  PointerOperator.c
  lecture.c
C:\Users\Administrator\Desktop\GamePrograming2\Ch02\PointerOperator.c(15,9): warning C4477: 'printf' : 서식 문자열 '%d'에 'int' 형식의 인수가 필요하지만 variadic 인수 1의 형식이 'size_t'입니다.
      C:\Users\Administrator\Desktop\GamePrograming2\Ch02\PointerOperator.c(15,9):
      서식 문자열에서 '%zd'을(를) 사용하는 것이 좋습니다.
  
C:\Users\Administrator\Desktop\GamePrograming2\Ch02\PointerOperator.c(16,9): warning C4477: 'printf' : 서식 문자열 '%d'에 'int' 형식의 인수가 필요하지만 variadic 인수 1의 형식이 'size_t'입니다.
      C:\Users\Administrator\Desktop\GamePrograming2\Ch02\PointerOperator.c(16,9):
      서식 문자열에서 '%zd'을(를) 사용하는 것이 좋습니다.
  
C:\Users\Administrator\Desktop\GamePrograming2\Ch02\PointerOperator.c(20,9): warning C4477: 'printf' : 서식 문자열 '%d'에 'int' 형식의 인수가 필요하지만 variadic 인수 1의 형식이 'size_t'입니다.
      C:\Users\Administrator\Desktop\GamePrograming2\Ch02\PointerOperator.c(20,9):
      서식 문자열에서 '%zd'을(를) 사용하는 것이 좋습니다.
  
C:\Users\Administrator\Desktop\GamePrograming2\Ch02\PointerOperator.c(21,9): warning C4477: 'printf' : 서식 문자열 '%d'에 'int' 형식의 인수가 필요하지만 variadic 인수 1의 형식이 'size_t'입니다.
      C:\Users\Administrator\Desktop\GamePrograming2\Ch02\PointerOperator.c(21,9):
      서식 문자열에서 '%zd'을(를) 사용하는 것이 좋습니다.
  
C:\Users\Administrator\Desktop\GamePrograming2\Ch02\lecture.c(55,15): warning C4047: '함수': 'int *'의 간접 참조 수준이 'int'과(와) 다릅니다.
C:\Users\Administrator\Desktop\GamePrograming2\Ch02\lecture.c(55,15): warning C4024: 'IncreaseItem': 형식 및 실제 매개 변수 1의 형식이 서로 다릅니다.
C:\Users\Administrator\Desktop\GamePrograming2\Ch02\lecture.c(55,24): warning C4047: '함수': 'int'의 간접 참조 수준이 'int *'과(와) 다릅니다.
C:\Users\Administrator\Desktop\GamePrograming2\Ch02\lecture.c(55,24): warning C4024: 'IncreaseItem': 형식 및 실제 매개 변수 2의 형식이 서로 다릅니다.
C:\Users\Administrator\Desktop\GamePrograming2\Ch02\lecture.c(56,24): error C2065: 'itemT': 선언되지 않은 식별자입니다.
C:\Users\Administrator\Desktop\GamePrograming2\Ch02\lecture.c(98,23): warning C4028: 정식 매개 변수 1이(가) 선언과 다릅니다.
C:\Users\Administrator\Desktop\GamePrograming2\Ch02\lecture.c(98,37): warning C4028: 정식 매개 변수 2이(가) 선언과 다릅니다.
  코드를 생성하고 있습니다...
